{"F:\\promise-polyfill\\Promise.js":{"path":"F:\\promise-polyfill\\Promise.js","s":{"1":1,"2":1,"3":0,"4":1,"5":387,"6":125,"7":1,"8":0,"9":1,"10":129,"11":0,"12":129,"13":0,"14":129,"15":129,"16":129,"17":129,"18":129,"19":1,"20":107,"21":107,"22":41,"23":41,"24":0,"25":0,"26":0,"27":41,"28":66,"29":66,"30":66,"31":10,"32":10,"33":56,"34":56,"35":56,"36":0,"37":0,"38":56,"39":1,"40":92,"41":92,"42":0,"43":92,"44":36,"45":36,"46":0,"47":0,"48":92,"49":92,"50":92,"51":0,"52":1,"53":33,"54":33,"55":33,"56":1,"57":0,"58":0,"59":1,"60":125,"61":39,"62":125,"63":125,"64":1,"65":68,"66":68,"67":68,"68":68,"69":68,"70":68,"71":1,"72":129,"73":129,"74":129,"75":98,"76":6,"77":92,"78":92,"79":39,"80":6,"81":33,"82":33,"83":0,"84":0,"85":0,"86":0,"87":0,"88":0,"89":0,"90":1,"91":0,"92":1,"93":0,"94":0,"95":0,"96":0,"97":0,"98":1,"99":0,"100":1,"101":68,"102":68,"103":68,"104":1,"105":0,"106":0,"107":0,"108":0,"109":0,"110":1,"111":0,"112":0,"113":0,"114":0,"115":0,"116":0,"117":0,"118":0,"119":0,"120":0,"121":0,"122":0,"123":0,"124":1,"125":18,"126":0,"127":18,"128":18,"129":1,"130":0,"131":0,"132":1,"133":0,"134":0,"135":1,"136":0,"137":0,"138":0,"139":1,"140":0,"141":1,"142":1,"143":0},"b":{"1":[1,1,0],"2":[1,0],"3":[0,129],"4":[0,129],"5":[41,66],"6":[0,41],"7":[0,0],"8":[34,32],"9":[10,56],"10":[5,5],"11":[0,92],"12":[36,56],"13":[92,36,0],"14":[0,36],"15":[125,0],"16":[41,27],"17":[39,29],"18":[0,68],"19":[6,92],"20":[6,33],"21":[0,0],"22":[0,0],"23":[0,0],"24":[0,0],"25":[0,0],"26":[0,0],"27":[0,0,0],"28":[0,0],"29":[0,0],"30":[0,18],"31":[18,18,18],"32":[1,0],"33":[1,1]},"f":{"1":1,"2":0,"3":387,"4":125,"5":0,"6":129,"7":107,"8":0,"9":66,"10":92,"11":33,"12":0,"13":125,"14":68,"15":129,"16":98,"17":39,"18":0,"19":0,"20":0,"21":0,"22":0,"23":0,"24":0,"25":0,"26":68,"27":68,"28":0,"29":0,"30":0,"31":0,"32":18,"33":18,"34":0,"35":0,"36":0,"37":0,"38":0,"39":0,"40":0},"fnMap":{"1":{"name":"(anonymous_1)","line":1,"loc":{"start":{"line":1,"column":1},"end":{"line":1,"column":16}}},"2":{"name":"(anonymous_2)","line":5,"loc":{"start":{"line":5,"column":4},"end":{"line":5,"column":17}}},"3":{"name":"bind","line":10,"loc":{"start":{"line":10,"column":2},"end":{"line":10,"column":29}}},"4":{"name":"(anonymous_4)","line":11,"loc":{"start":{"line":11,"column":11},"end":{"line":11,"column":22}}},"5":{"name":"(anonymous_5)","line":16,"loc":{"start":{"line":16,"column":33},"end":{"line":16,"column":49}}},"6":{"name":"Promise","line":20,"loc":{"start":{"line":20,"column":2},"end":{"line":20,"column":23}}},"7":{"name":"handle","line":31,"loc":{"start":{"line":31,"column":2},"end":{"line":31,"column":28}}},"8":{"name":"(anonymous_8)","line":37,"loc":{"start":{"line":37,"column":15},"end":{"line":37,"column":26}}},"9":{"name":"(anonymous_9)","line":44,"loc":{"start":{"line":44,"column":9},"end":{"line":44,"column":20}}},"10":{"name":"resolve","line":61,"loc":{"start":{"line":61,"column":2},"end":{"line":61,"column":29}}},"11":{"name":"reject","line":79,"loc":{"start":{"line":79,"column":2},"end":{"line":79,"column":28}}},"12":{"name":"notify","line":85,"loc":{"start":{"line":85,"column":2},"end":{"line":85,"column":28}}},"13":{"name":"finale","line":90,"loc":{"start":{"line":90,"column":2},"end":{"line":90,"column":24}}},"14":{"name":"Handler","line":99,"loc":{"start":{"line":99,"column":2},"end":{"line":99,"column":81}}},"15":{"name":"doResolve","line":114,"loc":{"start":{"line":114,"column":2},"end":{"line":114,"column":62}}},"16":{"name":"(anonymous_16)","line":117,"loc":{"start":{"line":117,"column":9},"end":{"line":117,"column":25}}},"17":{"name":"(anonymous_17)","line":121,"loc":{"start":{"line":121,"column":9},"end":{"line":121,"column":26}}},"18":{"name":"(anonymous_18)","line":125,"loc":{"start":{"line":125,"column":9},"end":{"line":125,"column":28}}},"19":{"name":"(anonymous_19)","line":136,"loc":{"start":{"line":136,"column":31},"end":{"line":136,"column":52}}},"20":{"name":"(anonymous_20)","line":140,"loc":{"start":{"line":140,"column":33},"end":{"line":140,"column":48}}},"21":{"name":"(anonymous_21)","line":141,"loc":{"start":{"line":141,"column":21},"end":{"line":141,"column":37}}},"22":{"name":"(anonymous_22)","line":142,"loc":{"start":{"line":142,"column":42},"end":{"line":142,"column":53}}},"23":{"name":"(anonymous_23)","line":145,"loc":{"start":{"line":145,"column":7},"end":{"line":145,"column":24}}},"24":{"name":"(anonymous_24)","line":146,"loc":{"start":{"line":146,"column":42},"end":{"line":146,"column":53}}},"25":{"name":"(anonymous_25)","line":152,"loc":{"start":{"line":152,"column":31},"end":{"line":152,"column":52}}},"26":{"name":"(anonymous_26)","line":156,"loc":{"start":{"line":156,"column":27},"end":{"line":156,"column":73}}},"27":{"name":"(anonymous_27)","line":158,"loc":{"start":{"line":158,"column":23},"end":{"line":158,"column":57}}},"28":{"name":"(anonymous_28)","line":163,"loc":{"start":{"line":163,"column":16},"end":{"line":163,"column":27}}},"29":{"name":"(anonymous_29)","line":166,"loc":{"start":{"line":166,"column":23},"end":{"line":166,"column":57}}},"30":{"name":"res","line":170,"loc":{"start":{"line":170,"column":6},"end":{"line":170,"column":27}}},"31":{"name":"(anonymous_31)","line":175,"loc":{"start":{"line":175,"column":29},"end":{"line":175,"column":43}}},"32":{"name":"(anonymous_32)","line":195,"loc":{"start":{"line":195,"column":20},"end":{"line":195,"column":36}}},"33":{"name":"(anonymous_33)","line":200,"loc":{"start":{"line":200,"column":23},"end":{"line":200,"column":41}}},"34":{"name":"(anonymous_34)","line":205,"loc":{"start":{"line":205,"column":19},"end":{"line":205,"column":35}}},"35":{"name":"(anonymous_35)","line":206,"loc":{"start":{"line":206,"column":23},"end":{"line":206,"column":49}}},"36":{"name":"(anonymous_36)","line":211,"loc":{"start":{"line":211,"column":19},"end":{"line":211,"column":35}}},"37":{"name":"(anonymous_37)","line":212,"loc":{"start":{"line":212,"column":23},"end":{"line":212,"column":57}}},"38":{"name":"(anonymous_38)","line":217,"loc":{"start":{"line":217,"column":17},"end":{"line":217,"column":34}}},"39":{"name":"(anonymous_39)","line":218,"loc":{"start":{"line":218,"column":23},"end":{"line":218,"column":57}}},"40":{"name":"_setImmediateFn","line":231,"loc":{"start":{"line":231,"column":28},"end":{"line":231,"column":57}}}},"statementMap":{"1":{"start":{"line":1,"column":0},"end":{"line":241,"column":8}},"2":{"start":{"line":4,"column":2},"end":{"line":7,"column":5}},"3":{"start":{"line":6,"column":6},"end":{"line":6,"column":23}},"4":{"start":{"line":10,"column":2},"end":{"line":14,"column":3}},"5":{"start":{"line":11,"column":4},"end":{"line":13,"column":5}},"6":{"start":{"line":12,"column":6},"end":{"line":12,"column":34}},"7":{"start":{"line":16,"column":2},"end":{"line":18,"column":3}},"8":{"start":{"line":17,"column":4},"end":{"line":17,"column":69}},"9":{"start":{"line":20,"column":2},"end":{"line":29,"column":3}},"10":{"start":{"line":21,"column":4},"end":{"line":21,"column":93}},"11":{"start":{"line":21,"column":34},"end":{"line":21,"column":93}},"12":{"start":{"line":22,"column":4},"end":{"line":22,"column":71}},"13":{"start":{"line":22,"column":34},"end":{"line":22,"column":71}},"14":{"start":{"line":23,"column":4},"end":{"line":23,"column":22}},"15":{"start":{"line":24,"column":4},"end":{"line":24,"column":22}},"16":{"start":{"line":25,"column":4},"end":{"line":25,"column":25}},"17":{"start":{"line":26,"column":4},"end":{"line":26,"column":24}},"18":{"start":{"line":28,"column":4},"end":{"line":28,"column":78}},"19":{"start":{"line":31,"column":2},"end":{"line":59,"column":3}},"20":{"start":{"line":32,"column":4},"end":{"line":32,"column":17}},"21":{"start":{"line":33,"column":4},"end":{"line":43,"column":5}},"22":{"start":{"line":34,"column":6},"end":{"line":34,"column":36}},"23":{"start":{"line":35,"column":6},"end":{"line":41,"column":7}},"24":{"start":{"line":36,"column":8},"end":{"line":40,"column":9}},"25":{"start":{"line":37,"column":10},"end":{"line":39,"column":12}},"26":{"start":{"line":38,"column":12},"end":{"line":38,"column":45}},"27":{"start":{"line":42,"column":6},"end":{"line":42,"column":12}},"28":{"start":{"line":44,"column":4},"end":{"line":58,"column":6}},"29":{"start":{"line":45,"column":6},"end":{"line":45,"column":69}},"30":{"start":{"line":46,"column":6},"end":{"line":49,"column":7}},"31":{"start":{"line":47,"column":8},"end":{"line":47,"column":67}},"32":{"start":{"line":48,"column":8},"end":{"line":48,"column":14}},"33":{"start":{"line":50,"column":6},"end":{"line":50,"column":13}},"34":{"start":{"line":51,"column":6},"end":{"line":56,"column":7}},"35":{"start":{"line":52,"column":8},"end":{"line":52,"column":27}},"36":{"start":{"line":54,"column":8},"end":{"line":54,"column":26}},"37":{"start":{"line":55,"column":8},"end":{"line":55,"column":14}},"38":{"start":{"line":57,"column":6},"end":{"line":57,"column":27}},"39":{"start":{"line":61,"column":2},"end":{"line":77,"column":3}},"40":{"start":{"line":62,"column":4},"end":{"line":76,"column":5}},"41":{"start":{"line":63,"column":6},"end":{"line":63,"column":93}},"42":{"start":{"line":63,"column":29},"end":{"line":63,"column":93}},"43":{"start":{"line":64,"column":6},"end":{"line":70,"column":7}},"44":{"start":{"line":65,"column":8},"end":{"line":65,"column":32}},"45":{"start":{"line":66,"column":8},"end":{"line":69,"column":9}},"46":{"start":{"line":67,"column":10},"end":{"line":67,"column":102}},"47":{"start":{"line":68,"column":10},"end":{"line":68,"column":16}},"48":{"start":{"line":71,"column":6},"end":{"line":71,"column":24}},"49":{"start":{"line":72,"column":6},"end":{"line":72,"column":28}},"50":{"start":{"line":73,"column":6},"end":{"line":73,"column":23}},"51":{"start":{"line":75,"column":6},"end":{"line":75,"column":26}},"52":{"start":{"line":79,"column":2},"end":{"line":83,"column":3}},"53":{"start":{"line":80,"column":4},"end":{"line":80,"column":23}},"54":{"start":{"line":81,"column":4},"end":{"line":81,"column":26}},"55":{"start":{"line":82,"column":4},"end":{"line":82,"column":21}},"56":{"start":{"line":85,"column":2},"end":{"line":88,"column":3}},"57":{"start":{"line":86,"column":4},"end":{"line":86,"column":29}},"58":{"start":{"line":87,"column":4},"end":{"line":87,"column":27}},"59":{"start":{"line":90,"column":2},"end":{"line":97,"column":3}},"60":{"start":{"line":91,"column":4},"end":{"line":93,"column":5}},"61":{"start":{"line":92,"column":6},"end":{"line":92,"column":43}},"62":{"start":{"line":94,"column":4},"end":{"line":96,"column":5}},"63":{"start":{"line":95,"column":6},"end":{"line":95,"column":28}},"64":{"start":{"line":99,"column":2},"end":{"line":106,"column":3}},"65":{"start":{"line":100,"column":4},"end":{"line":100,"column":77}},"66":{"start":{"line":101,"column":4},"end":{"line":101,"column":74}},"67":{"start":{"line":102,"column":4},"end":{"line":102,"column":74}},"68":{"start":{"line":103,"column":4},"end":{"line":103,"column":26}},"69":{"start":{"line":104,"column":4},"end":{"line":104,"column":24}},"70":{"start":{"line":105,"column":4},"end":{"line":105,"column":24}},"71":{"start":{"line":114,"column":2},"end":{"line":134,"column":3}},"72":{"start":{"line":115,"column":4},"end":{"line":115,"column":20}},"73":{"start":{"line":116,"column":4},"end":{"line":133,"column":5}},"74":{"start":{"line":117,"column":6},"end":{"line":128,"column":8}},"75":{"start":{"line":118,"column":8},"end":{"line":118,"column":24}},"76":{"start":{"line":118,"column":18},"end":{"line":118,"column":24}},"77":{"start":{"line":119,"column":8},"end":{"line":119,"column":19}},"78":{"start":{"line":120,"column":8},"end":{"line":120,"column":26}},"79":{"start":{"line":122,"column":8},"end":{"line":122,"column":24}},"80":{"start":{"line":122,"column":18},"end":{"line":122,"column":24}},"81":{"start":{"line":123,"column":8},"end":{"line":123,"column":19}},"82":{"start":{"line":124,"column":8},"end":{"line":124,"column":26}},"83":{"start":{"line":126,"column":8},"end":{"line":126,"column":24}},"84":{"start":{"line":126,"column":18},"end":{"line":126,"column":24}},"85":{"start":{"line":127,"column":8},"end":{"line":127,"column":28}},"86":{"start":{"line":130,"column":6},"end":{"line":130,"column":22}},"87":{"start":{"line":130,"column":16},"end":{"line":130,"column":22}},"88":{"start":{"line":131,"column":6},"end":{"line":131,"column":17}},"89":{"start":{"line":132,"column":6},"end":{"line":132,"column":20}},"90":{"start":{"line":136,"column":2},"end":{"line":138,"column":3}},"91":{"start":{"line":137,"column":4},"end":{"line":137,"column":38}},"92":{"start":{"line":140,"column":2},"end":{"line":150,"column":3}},"93":{"start":{"line":141,"column":4},"end":{"line":149,"column":6}},"94":{"start":{"line":142,"column":6},"end":{"line":144,"column":8}},"95":{"start":{"line":143,"column":8},"end":{"line":143,"column":20}},"96":{"start":{"line":146,"column":6},"end":{"line":148,"column":8}},"97":{"start":{"line":147,"column":8},"end":{"line":147,"column":20}},"98":{"start":{"line":152,"column":2},"end":{"line":154,"column":3}},"99":{"start":{"line":153,"column":4},"end":{"line":153,"column":44}},"100":{"start":{"line":156,"column":2},"end":{"line":161,"column":3}},"101":{"start":{"line":157,"column":4},"end":{"line":157,"column":17}},"102":{"start":{"line":158,"column":4},"end":{"line":160,"column":6}},"103":{"start":{"line":159,"column":6},"end":{"line":159,"column":96}},"104":{"start":{"line":163,"column":2},"end":{"line":193,"column":3}},"105":{"start":{"line":164,"column":4},"end":{"line":164,"column":117}},"106":{"start":{"line":166,"column":4},"end":{"line":192,"column":6}},"107":{"start":{"line":167,"column":6},"end":{"line":167,"column":47}},"108":{"start":{"line":167,"column":29},"end":{"line":167,"column":47}},"109":{"start":{"line":168,"column":6},"end":{"line":168,"column":33}},"110":{"start":{"line":170,"column":6},"end":{"line":188,"column":7}},"111":{"start":{"line":171,"column":8},"end":{"line":187,"column":9}},"112":{"start":{"line":172,"column":10},"end":{"line":180,"column":11}},"113":{"start":{"line":173,"column":12},"end":{"line":173,"column":31}},"114":{"start":{"line":174,"column":12},"end":{"line":179,"column":13}},"115":{"start":{"line":175,"column":14},"end":{"line":177,"column":32}},"116":{"start":{"line":176,"column":16},"end":{"line":176,"column":27}},"117":{"start":{"line":178,"column":14},"end":{"line":178,"column":20}},"118":{"start":{"line":181,"column":10},"end":{"line":181,"column":23}},"119":{"start":{"line":182,"column":10},"end":{"line":184,"column":11}},"120":{"start":{"line":183,"column":12},"end":{"line":183,"column":25}},"121":{"start":{"line":186,"column":10},"end":{"line":186,"column":20}},"122":{"start":{"line":189,"column":6},"end":{"line":191,"column":7}},"123":{"start":{"line":190,"column":8},"end":{"line":190,"column":23}},"124":{"start":{"line":195,"column":2},"end":{"line":203,"column":3}},"125":{"start":{"line":196,"column":4},"end":{"line":198,"column":5}},"126":{"start":{"line":197,"column":6},"end":{"line":197,"column":18}},"127":{"start":{"line":200,"column":4},"end":{"line":202,"column":6}},"128":{"start":{"line":201,"column":6},"end":{"line":201,"column":20}},"129":{"start":{"line":205,"column":2},"end":{"line":209,"column":3}},"130":{"start":{"line":206,"column":4},"end":{"line":208,"column":6}},"131":{"start":{"line":207,"column":6},"end":{"line":207,"column":19}},"132":{"start":{"line":211,"column":2},"end":{"line":215,"column":3}},"133":{"start":{"line":212,"column":4},"end":{"line":214,"column":6}},"134":{"start":{"line":213,"column":6},"end":{"line":213,"column":19}},"135":{"start":{"line":217,"column":2},"end":{"line":224,"column":3}},"136":{"start":{"line":218,"column":4},"end":{"line":223,"column":6}},"137":{"start":{"line":219,"column":6},"end":{"line":222,"column":7}},"138":{"start":{"line":221,"column":8},"end":{"line":221,"column":65}},"139":{"start":{"line":231,"column":2},"end":{"line":233,"column":3}},"140":{"start":{"line":232,"column":4},"end":{"line":232,"column":13}},"141":{"start":{"line":235,"column":2},"end":{"line":239,"column":3}},"142":{"start":{"line":236,"column":4},"end":{"line":236,"column":28}},"143":{"start":{"line":238,"column":4},"end":{"line":238,"column":26}}},"branchMap":{"1":{"line":4,"type":"binary-expr","locations":[{"start":{"line":4,"column":14},"end":{"line":4,"column":48}},{"start":{"line":4,"column":52},"end":{"line":4,"column":64}},{"start":{"line":5,"column":4},"end":{"line":7,"column":5}}]},"2":{"line":16,"type":"binary-expr","locations":[{"start":{"line":16,"column":16},"end":{"line":16,"column":29}},{"start":{"line":16,"column":33},"end":{"line":18,"column":3}}]},"3":{"line":21,"type":"if","locations":[{"start":{"line":21,"column":4},"end":{"line":21,"column":4}},{"start":{"line":21,"column":4},"end":{"line":21,"column":4}}]},"4":{"line":22,"type":"if","locations":[{"start":{"line":22,"column":4},"end":{"line":22,"column":4}},{"start":{"line":22,"column":4},"end":{"line":22,"column":4}}]},"5":{"line":33,"type":"if","locations":[{"start":{"line":33,"column":4},"end":{"line":33,"column":4}},{"start":{"line":33,"column":4},"end":{"line":33,"column":4}}]},"6":{"line":35,"type":"if","locations":[{"start":{"line":35,"column":6},"end":{"line":35,"column":6}},{"start":{"line":35,"column":6},"end":{"line":35,"column":6}}]},"7":{"line":36,"type":"if","locations":[{"start":{"line":36,"column":8},"end":{"line":36,"column":8}},{"start":{"line":36,"column":8},"end":{"line":36,"column":8}}]},"8":{"line":45,"type":"cond-expr","locations":[{"start":{"line":45,"column":27},"end":{"line":45,"column":47}},{"start":{"line":45,"column":50},"end":{"line":45,"column":69}}]},"9":{"line":46,"type":"if","locations":[{"start":{"line":46,"column":6},"end":{"line":46,"column":6}},{"start":{"line":46,"column":6},"end":{"line":46,"column":6}}]},"10":{"line":47,"type":"cond-expr","locations":[{"start":{"line":47,"column":21},"end":{"line":47,"column":37}},{"start":{"line":47,"column":40},"end":{"line":47,"column":55}}]},"11":{"line":63,"type":"if","locations":[{"start":{"line":63,"column":6},"end":{"line":63,"column":6}},{"start":{"line":63,"column":6},"end":{"line":63,"column":6}}]},"12":{"line":64,"type":"if","locations":[{"start":{"line":64,"column":6},"end":{"line":64,"column":6}},{"start":{"line":64,"column":6},"end":{"line":64,"column":6}}]},"13":{"line":64,"type":"binary-expr","locations":[{"start":{"line":64,"column":10},"end":{"line":64,"column":18}},{"start":{"line":64,"column":23},"end":{"line":64,"column":51}},{"start":{"line":64,"column":55},"end":{"line":64,"column":85}}]},"14":{"line":66,"type":"if","locations":[{"start":{"line":66,"column":8},"end":{"line":66,"column":8}},{"start":{"line":66,"column":8},"end":{"line":66,"column":8}}]},"15":{"line":94,"type":"if","locations":[{"start":{"line":94,"column":4},"end":{"line":94,"column":4}},{"start":{"line":94,"column":4},"end":{"line":94,"column":4}}]},"16":{"line":100,"type":"cond-expr","locations":[{"start":{"line":100,"column":59},"end":{"line":100,"column":70}},{"start":{"line":100,"column":73},"end":{"line":100,"column":77}}]},"17":{"line":101,"type":"cond-expr","locations":[{"start":{"line":101,"column":57},"end":{"line":101,"column":67}},{"start":{"line":101,"column":70},"end":{"line":101,"column":74}}]},"18":{"line":102,"type":"cond-expr","locations":[{"start":{"line":102,"column":57},"end":{"line":102,"column":67}},{"start":{"line":102,"column":70},"end":{"line":102,"column":74}}]},"19":{"line":118,"type":"if","locations":[{"start":{"line":118,"column":8},"end":{"line":118,"column":8}},{"start":{"line":118,"column":8},"end":{"line":118,"column":8}}]},"20":{"line":122,"type":"if","locations":[{"start":{"line":122,"column":8},"end":{"line":122,"column":8}},{"start":{"line":122,"column":8},"end":{"line":122,"column":8}}]},"21":{"line":126,"type":"if","locations":[{"start":{"line":126,"column":8},"end":{"line":126,"column":8}},{"start":{"line":126,"column":8},"end":{"line":126,"column":8}}]},"22":{"line":130,"type":"if","locations":[{"start":{"line":130,"column":6},"end":{"line":130,"column":6}},{"start":{"line":130,"column":6},"end":{"line":130,"column":6}}]},"23":{"line":164,"type":"cond-expr","locations":[{"start":{"line":164,"column":92},"end":{"line":164,"column":104}},{"start":{"line":164,"column":107},"end":{"line":164,"column":116}}]},"24":{"line":164,"type":"binary-expr","locations":[{"start":{"line":164,"column":42},"end":{"line":164,"column":64}},{"start":{"line":164,"column":68},"end":{"line":164,"column":89}}]},"25":{"line":167,"type":"if","locations":[{"start":{"line":167,"column":6},"end":{"line":167,"column":6}},{"start":{"line":167,"column":6},"end":{"line":167,"column":6}}]},"26":{"line":172,"type":"if","locations":[{"start":{"line":172,"column":10},"end":{"line":172,"column":10}},{"start":{"line":172,"column":10},"end":{"line":172,"column":10}}]},"27":{"line":172,"type":"binary-expr","locations":[{"start":{"line":172,"column":14},"end":{"line":172,"column":17}},{"start":{"line":172,"column":22},"end":{"line":172,"column":45}},{"start":{"line":172,"column":49},"end":{"line":172,"column":74}}]},"28":{"line":174,"type":"if","locations":[{"start":{"line":174,"column":12},"end":{"line":174,"column":12}},{"start":{"line":174,"column":12},"end":{"line":174,"column":12}}]},"29":{"line":182,"type":"if","locations":[{"start":{"line":182,"column":10},"end":{"line":182,"column":10}},{"start":{"line":182,"column":10},"end":{"line":182,"column":10}}]},"30":{"line":196,"type":"if","locations":[{"start":{"line":196,"column":4},"end":{"line":196,"column":4}},{"start":{"line":196,"column":4},"end":{"line":196,"column":4}}]},"31":{"line":196,"type":"binary-expr","locations":[{"start":{"line":196,"column":8},"end":{"line":196,"column":13}},{"start":{"line":196,"column":17},"end":{"line":196,"column":42}},{"start":{"line":196,"column":46},"end":{"line":196,"column":75}}]},"32":{"line":235,"type":"if","locations":[{"start":{"line":235,"column":2},"end":{"line":235,"column":2}},{"start":{"line":235,"column":2},"end":{"line":235,"column":2}}]},"33":{"line":235,"type":"binary-expr","locations":[{"start":{"line":235,"column":6},"end":{"line":235,"column":35}},{"start":{"line":235,"column":39},"end":{"line":235,"column":53}}]}}}}