{"F:\\promise-polyfill\\Promise.js":{"path":"F:\\promise-polyfill\\Promise.js","s":{"1":1,"2":1,"3":0,"4":1,"5":645,"6":228,"7":1,"8":0,"9":1,"10":187,"11":0,"12":187,"13":0,"14":187,"15":187,"16":187,"17":187,"18":187,"19":1,"20":187,"21":187,"22":64,"23":64,"24":27,"25":3,"26":3,"27":64,"28":123,"29":123,"30":123,"31":9,"32":9,"33":114,"34":114,"35":114,"36":7,"37":7,"38":7,"39":107,"40":1,"41":175,"42":175,"43":0,"44":175,"45":41,"46":41,"47":21,"48":21,"49":154,"50":154,"51":154,"52":0,"53":1,"54":27,"55":27,"56":27,"57":1,"58":5,"59":5,"60":1,"61":186,"62":61,"63":186,"64":181,"65":1,"66":126,"67":126,"68":126,"69":126,"70":126,"71":126,"72":1,"73":208,"74":208,"75":208,"76":184,"77":9,"78":175,"79":175,"80":29,"81":2,"82":27,"83":27,"84":7,"85":2,"86":5,"87":0,"88":0,"89":0,"90":0,"91":1,"92":7,"93":1,"94":22,"95":17,"96":15,"97":5,"98":3,"99":1,"100":4,"101":1,"102":126,"103":126,"104":126,"105":1,"106":8,"107":8,"108":8,"109":1,"110":7,"111":1,"112":32,"113":32,"114":30,"115":30,"116":15,"117":13,"118":15,"119":17,"120":17,"121":17,"122":5,"123":0,"124":7,"125":19,"126":1,"127":43,"128":13,"129":30,"130":30,"131":1,"132":6,"133":6,"134":1,"135":1,"136":1,"137":1,"138":7,"139":7,"140":16,"141":1,"142":3,"143":1,"144":1,"145":0},"b":{"1":[1,1,0],"2":[1,0],"3":[0,187],"4":[0,187],"5":[64,123],"6":[27,37],"7":[3,24],"8":[96,27],"9":[9,114],"10":[6,3],"11":[0,175],"12":[41,134],"13":[175,52,11],"14":[21,20],"15":[181,5],"16":[110,16],"17":[84,42],"18":[52,74],"19":[9,175],"20":[2,27],"21":[2,5],"22":[0,0],"23":[8,0],"24":[8,8],"25":[1,7],"26":[30,2],"27":[32,32,2],"28":[15,15],"29":[5,12],"30":[13,30],"31":[43,27,21],"32":[1,0],"33":[1,1]},"f":{"1":1,"2":0,"3":645,"4":228,"5":0,"6":187,"7":187,"8":3,"9":123,"10":175,"11":27,"12":5,"13":186,"14":126,"15":208,"16":184,"17":29,"18":7,"19":7,"20":22,"21":17,"22":15,"23":5,"24":3,"25":4,"26":126,"27":126,"28":8,"29":8,"30":32,"31":13,"32":43,"33":30,"34":6,"35":6,"36":1,"37":1,"38":7,"39":7,"40":3},"fnMap":{"1":{"name":"(anonymous_1)","line":1,"loc":{"start":{"line":1,"column":1},"end":{"line":1,"column":16}}},"2":{"name":"(anonymous_2)","line":5,"loc":{"start":{"line":5,"column":2},"end":{"line":5,"column":15}}},"3":{"name":"bind","line":8,"loc":{"start":{"line":8,"column":1},"end":{"line":8,"column":28}}},"4":{"name":"(anonymous_4)","line":9,"loc":{"start":{"line":9,"column":9},"end":{"line":9,"column":20}}},"5":{"name":"(anonymous_5)","line":14,"loc":{"start":{"line":14,"column":32},"end":{"line":14,"column":48}}},"6":{"name":"Promise","line":16,"loc":{"start":{"line":16,"column":1},"end":{"line":16,"column":22}}},"7":{"name":"handle","line":27,"loc":{"start":{"line":27,"column":1},"end":{"line":27,"column":27}}},"8":{"name":"(anonymous_8)","line":33,"loc":{"start":{"line":33,"column":10},"end":{"line":33,"column":21}}},"9":{"name":"(anonymous_9)","line":40,"loc":{"start":{"line":40,"column":7},"end":{"line":40,"column":18}}},"10":{"name":"resolve","line":59,"loc":{"start":{"line":59,"column":1},"end":{"line":59,"column":28}}},"11":{"name":"reject","line":75,"loc":{"start":{"line":75,"column":1},"end":{"line":75,"column":27}}},"12":{"name":"notify","line":81,"loc":{"start":{"line":81,"column":1},"end":{"line":81,"column":27}}},"13":{"name":"finale","line":86,"loc":{"start":{"line":86,"column":1},"end":{"line":86,"column":23}}},"14":{"name":"Handler","line":95,"loc":{"start":{"line":95,"column":1},"end":{"line":95,"column":79}}},"15":{"name":"doResolve","line":110,"loc":{"start":{"line":110,"column":1},"end":{"line":110,"column":61}}},"16":{"name":"(anonymous_16)","line":113,"loc":{"start":{"line":113,"column":6},"end":{"line":113,"column":23}}},"17":{"name":"(anonymous_17)","line":117,"loc":{"start":{"line":117,"column":6},"end":{"line":117,"column":24}}},"18":{"name":"(anonymous_18)","line":121,"loc":{"start":{"line":121,"column":6},"end":{"line":121,"column":26}}},"19":{"name":"(anonymous_19)","line":132,"loc":{"start":{"line":132,"column":30},"end":{"line":132,"column":52}}},"20":{"name":"(anonymous_20)","line":136,"loc":{"start":{"line":136,"column":32},"end":{"line":136,"column":48}}},"21":{"name":"(anonymous_21)","line":137,"loc":{"start":{"line":137,"column":19},"end":{"line":137,"column":36}}},"22":{"name":"(anonymous_22)","line":138,"loc":{"start":{"line":138,"column":39},"end":{"line":138,"column":51}}},"23":{"name":"(anonymous_23)","line":141,"loc":{"start":{"line":141,"column":5},"end":{"line":141,"column":23}}},"24":{"name":"(anonymous_24)","line":142,"loc":{"start":{"line":142,"column":39},"end":{"line":142,"column":51}}},"25":{"name":"(anonymous_25)","line":148,"loc":{"start":{"line":148,"column":30},"end":{"line":148,"column":52}}},"26":{"name":"(anonymous_26)","line":152,"loc":{"start":{"line":152,"column":26},"end":{"line":152,"column":72}}},"27":{"name":"(anonymous_27)","line":154,"loc":{"start":{"line":154,"column":21},"end":{"line":154,"column":55}}},"28":{"name":"(anonymous_28)","line":159,"loc":{"start":{"line":159,"column":15},"end":{"line":159,"column":27}}},"29":{"name":"(anonymous_29)","line":162,"loc":{"start":{"line":162,"column":21},"end":{"line":162,"column":56}}},"30":{"name":"res","line":165,"loc":{"start":{"line":165,"column":3},"end":{"line":165,"column":24}}},"31":{"name":"(anonymous_31)","line":170,"loc":{"start":{"line":170,"column":22},"end":{"line":170,"column":37}}},"32":{"name":"(anonymous_32)","line":189,"loc":{"start":{"line":189,"column":19},"end":{"line":189,"column":36}}},"33":{"name":"(anonymous_33)","line":194,"loc":{"start":{"line":194,"column":21},"end":{"line":194,"column":40}}},"34":{"name":"(anonymous_34)","line":199,"loc":{"start":{"line":199,"column":18},"end":{"line":199,"column":35}}},"35":{"name":"(anonymous_35)","line":200,"loc":{"start":{"line":200,"column":21},"end":{"line":200,"column":48}}},"36":{"name":"(anonymous_36)","line":205,"loc":{"start":{"line":205,"column":18},"end":{"line":205,"column":35}}},"37":{"name":"(anonymous_37)","line":206,"loc":{"start":{"line":206,"column":21},"end":{"line":206,"column":56}}},"38":{"name":"(anonymous_38)","line":211,"loc":{"start":{"line":211,"column":16},"end":{"line":211,"column":34}}},"39":{"name":"(anonymous_39)","line":212,"loc":{"start":{"line":212,"column":21},"end":{"line":212,"column":56}}},"40":{"name":"_setImmediateFn","line":225,"loc":{"start":{"line":225,"column":27},"end":{"line":225,"column":56}}}},"statementMap":{"1":{"start":{"line":1,"column":0},"end":{"line":235,"column":8}},"2":{"start":{"line":4,"column":1},"end":{"line":5,"column":36}},"3":{"start":{"line":5,"column":17},"end":{"line":5,"column":35}},"4":{"start":{"line":8,"column":1},"end":{"line":12,"column":2}},"5":{"start":{"line":9,"column":2},"end":{"line":11,"column":3}},"6":{"start":{"line":10,"column":3},"end":{"line":10,"column":31}},"7":{"start":{"line":14,"column":1},"end":{"line":14,"column":117}},"8":{"start":{"line":14,"column":50},"end":{"line":14,"column":116}},"9":{"start":{"line":16,"column":1},"end":{"line":25,"column":2}},"10":{"start":{"line":17,"column":2},"end":{"line":17,"column":91}},"11":{"start":{"line":17,"column":32},"end":{"line":17,"column":91}},"12":{"start":{"line":18,"column":2},"end":{"line":18,"column":69}},"13":{"start":{"line":18,"column":32},"end":{"line":18,"column":69}},"14":{"start":{"line":19,"column":2},"end":{"line":19,"column":20}},"15":{"start":{"line":20,"column":2},"end":{"line":20,"column":20}},"16":{"start":{"line":21,"column":2},"end":{"line":21,"column":23}},"17":{"start":{"line":22,"column":2},"end":{"line":22,"column":22}},"18":{"start":{"line":24,"column":2},"end":{"line":24,"column":76}},"19":{"start":{"line":27,"column":1},"end":{"line":57,"column":2}},"20":{"start":{"line":28,"column":2},"end":{"line":28,"column":15}},"21":{"start":{"line":29,"column":2},"end":{"line":39,"column":3}},"22":{"start":{"line":30,"column":3},"end":{"line":30,"column":33}},"23":{"start":{"line":31,"column":3},"end":{"line":37,"column":4}},"24":{"start":{"line":32,"column":4},"end":{"line":36,"column":5}},"25":{"start":{"line":33,"column":5},"end":{"line":35,"column":7}},"26":{"start":{"line":34,"column":6},"end":{"line":34,"column":39}},"27":{"start":{"line":38,"column":3},"end":{"line":38,"column":9}},"28":{"start":{"line":40,"column":2},"end":{"line":56,"column":4}},"29":{"start":{"line":41,"column":3},"end":{"line":41,"column":66}},"30":{"start":{"line":42,"column":3},"end":{"line":45,"column":4}},"31":{"start":{"line":43,"column":4},"end":{"line":43,"column":63}},"32":{"start":{"line":44,"column":4},"end":{"line":44,"column":10}},"33":{"start":{"line":46,"column":3},"end":{"line":46,"column":10}},"34":{"start":{"line":47,"column":3},"end":{"line":54,"column":4}},"35":{"start":{"line":48,"column":4},"end":{"line":48,"column":23}},"36":{"start":{"line":51,"column":4},"end":{"line":51,"column":30}},"37":{"start":{"line":52,"column":4},"end":{"line":52,"column":22}},"38":{"start":{"line":53,"column":4},"end":{"line":53,"column":10}},"39":{"start":{"line":55,"column":3},"end":{"line":55,"column":24}},"40":{"start":{"line":59,"column":1},"end":{"line":73,"column":2}},"41":{"start":{"line":60,"column":2},"end":{"line":72,"column":38}},"42":{"start":{"line":61,"column":3},"end":{"line":61,"column":90}},"43":{"start":{"line":61,"column":26},"end":{"line":61,"column":90}},"44":{"start":{"line":62,"column":3},"end":{"line":68,"column":4}},"45":{"start":{"line":63,"column":4},"end":{"line":63,"column":28}},"46":{"start":{"line":64,"column":4},"end":{"line":67,"column":5}},"47":{"start":{"line":65,"column":5},"end":{"line":65,"column":97}},"48":{"start":{"line":66,"column":5},"end":{"line":66,"column":11}},"49":{"start":{"line":69,"column":3},"end":{"line":69,"column":21}},"50":{"start":{"line":70,"column":3},"end":{"line":70,"column":25}},"51":{"start":{"line":71,"column":3},"end":{"line":71,"column":20}},"52":{"start":{"line":72,"column":16},"end":{"line":72,"column":37}},"53":{"start":{"line":75,"column":1},"end":{"line":79,"column":2}},"54":{"start":{"line":76,"column":2},"end":{"line":76,"column":21}},"55":{"start":{"line":77,"column":2},"end":{"line":77,"column":24}},"56":{"start":{"line":78,"column":2},"end":{"line":78,"column":19}},"57":{"start":{"line":81,"column":1},"end":{"line":84,"column":2}},"58":{"start":{"line":82,"column":2},"end":{"line":82,"column":27}},"59":{"start":{"line":83,"column":2},"end":{"line":83,"column":25}},"60":{"start":{"line":86,"column":1},"end":{"line":93,"column":2}},"61":{"start":{"line":87,"column":2},"end":{"line":89,"column":3}},"62":{"start":{"line":88,"column":3},"end":{"line":88,"column":40}},"63":{"start":{"line":90,"column":2},"end":{"line":92,"column":3}},"64":{"start":{"line":91,"column":3},"end":{"line":91,"column":25}},"65":{"start":{"line":95,"column":1},"end":{"line":102,"column":2}},"66":{"start":{"line":96,"column":2},"end":{"line":96,"column":75}},"67":{"start":{"line":97,"column":2},"end":{"line":97,"column":72}},"68":{"start":{"line":98,"column":2},"end":{"line":98,"column":72}},"69":{"start":{"line":99,"column":2},"end":{"line":99,"column":24}},"70":{"start":{"line":100,"column":2},"end":{"line":100,"column":22}},"71":{"start":{"line":101,"column":2},"end":{"line":101,"column":22}},"72":{"start":{"line":110,"column":1},"end":{"line":130,"column":2}},"73":{"start":{"line":111,"column":2},"end":{"line":111,"column":18}},"74":{"start":{"line":112,"column":2},"end":{"line":129,"column":3}},"75":{"start":{"line":113,"column":3},"end":{"line":124,"column":5}},"76":{"start":{"line":114,"column":4},"end":{"line":114,"column":20}},"77":{"start":{"line":114,"column":14},"end":{"line":114,"column":20}},"78":{"start":{"line":115,"column":4},"end":{"line":115,"column":15}},"79":{"start":{"line":116,"column":4},"end":{"line":116,"column":22}},"80":{"start":{"line":118,"column":4},"end":{"line":118,"column":20}},"81":{"start":{"line":118,"column":14},"end":{"line":118,"column":20}},"82":{"start":{"line":119,"column":4},"end":{"line":119,"column":15}},"83":{"start":{"line":120,"column":4},"end":{"line":120,"column":22}},"84":{"start":{"line":122,"column":4},"end":{"line":122,"column":20}},"85":{"start":{"line":122,"column":14},"end":{"line":122,"column":20}},"86":{"start":{"line":123,"column":4},"end":{"line":123,"column":24}},"87":{"start":{"line":126,"column":3},"end":{"line":126,"column":19}},"88":{"start":{"line":126,"column":13},"end":{"line":126,"column":19}},"89":{"start":{"line":127,"column":3},"end":{"line":127,"column":14}},"90":{"start":{"line":128,"column":3},"end":{"line":128,"column":17}},"91":{"start":{"line":132,"column":1},"end":{"line":134,"column":2}},"92":{"start":{"line":133,"column":2},"end":{"line":133,"column":36}},"93":{"start":{"line":136,"column":1},"end":{"line":146,"column":2}},"94":{"start":{"line":137,"column":2},"end":{"line":145,"column":4}},"95":{"start":{"line":138,"column":3},"end":{"line":140,"column":5}},"96":{"start":{"line":139,"column":4},"end":{"line":139,"column":16}},"97":{"start":{"line":142,"column":3},"end":{"line":144,"column":5}},"98":{"start":{"line":143,"column":4},"end":{"line":143,"column":16}},"99":{"start":{"line":148,"column":1},"end":{"line":150,"column":2}},"100":{"start":{"line":149,"column":2},"end":{"line":149,"column":42}},"101":{"start":{"line":152,"column":1},"end":{"line":157,"column":2}},"102":{"start":{"line":153,"column":2},"end":{"line":153,"column":15}},"103":{"start":{"line":154,"column":2},"end":{"line":156,"column":4}},"104":{"start":{"line":155,"column":3},"end":{"line":155,"column":93}},"105":{"start":{"line":159,"column":1},"end":{"line":187,"column":2}},"106":{"start":{"line":160,"column":2},"end":{"line":160,"column":115}},"107":{"start":{"line":162,"column":2},"end":{"line":186,"column":4}},"108":{"start":{"line":163,"column":3},"end":{"line":163,"column":44}},"109":{"start":{"line":163,"column":26},"end":{"line":163,"column":44}},"110":{"start":{"line":164,"column":3},"end":{"line":164,"column":30}},"111":{"start":{"line":165,"column":3},"end":{"line":182,"column":4}},"112":{"start":{"line":166,"column":4},"end":{"line":181,"column":5}},"113":{"start":{"line":167,"column":5},"end":{"line":173,"column":6}},"114":{"start":{"line":168,"column":6},"end":{"line":168,"column":25}},"115":{"start":{"line":169,"column":6},"end":{"line":172,"column":7}},"116":{"start":{"line":170,"column":7},"end":{"line":170,"column":69}},"117":{"start":{"line":170,"column":39},"end":{"line":170,"column":51}},"118":{"start":{"line":171,"column":7},"end":{"line":171,"column":13}},"119":{"start":{"line":174,"column":5},"end":{"line":174,"column":18}},"120":{"start":{"line":175,"column":5},"end":{"line":175,"column":47}},"121":{"start":{"line":176,"column":5},"end":{"line":178,"column":6}},"122":{"start":{"line":177,"column":6},"end":{"line":177,"column":19}},"123":{"start":{"line":180,"column":5},"end":{"line":180,"column":15}},"124":{"start":{"line":183,"column":3},"end":{"line":185,"column":4}},"125":{"start":{"line":184,"column":4},"end":{"line":184,"column":19}},"126":{"start":{"line":189,"column":1},"end":{"line":197,"column":2}},"127":{"start":{"line":190,"column":2},"end":{"line":192,"column":3}},"128":{"start":{"line":191,"column":3},"end":{"line":191,"column":15}},"129":{"start":{"line":194,"column":2},"end":{"line":196,"column":4}},"130":{"start":{"line":195,"column":3},"end":{"line":195,"column":17}},"131":{"start":{"line":199,"column":1},"end":{"line":203,"column":2}},"132":{"start":{"line":200,"column":2},"end":{"line":202,"column":4}},"133":{"start":{"line":201,"column":3},"end":{"line":201,"column":16}},"134":{"start":{"line":205,"column":1},"end":{"line":209,"column":2}},"135":{"start":{"line":206,"column":2},"end":{"line":208,"column":4}},"136":{"start":{"line":207,"column":3},"end":{"line":207,"column":16}},"137":{"start":{"line":211,"column":1},"end":{"line":218,"column":2}},"138":{"start":{"line":212,"column":2},"end":{"line":217,"column":4}},"139":{"start":{"line":213,"column":3},"end":{"line":216,"column":4}},"140":{"start":{"line":215,"column":4},"end":{"line":215,"column":61}},"141":{"start":{"line":225,"column":1},"end":{"line":227,"column":2}},"142":{"start":{"line":226,"column":2},"end":{"line":226,"column":11}},"143":{"start":{"line":229,"column":1},"end":{"line":233,"column":2}},"144":{"start":{"line":230,"column":2},"end":{"line":230,"column":26}},"145":{"start":{"line":232,"column":2},"end":{"line":232,"column":24}}},"branchMap":{"1":{"line":4,"type":"binary-expr","locations":[{"start":{"line":4,"column":13},"end":{"line":4,"column":47}},{"start":{"line":4,"column":51},"end":{"line":4,"column":63}},{"start":{"line":5,"column":2},"end":{"line":5,"column":36}}]},"2":{"line":14,"type":"binary-expr","locations":[{"start":{"line":14,"column":15},"end":{"line":14,"column":28}},{"start":{"line":14,"column":32},"end":{"line":14,"column":117}}]},"3":{"line":17,"type":"if","locations":[{"start":{"line":17,"column":2},"end":{"line":17,"column":2}},{"start":{"line":17,"column":2},"end":{"line":17,"column":2}}]},"4":{"line":18,"type":"if","locations":[{"start":{"line":18,"column":2},"end":{"line":18,"column":2}},{"start":{"line":18,"column":2},"end":{"line":18,"column":2}}]},"5":{"line":29,"type":"if","locations":[{"start":{"line":29,"column":2},"end":{"line":29,"column":2}},{"start":{"line":29,"column":2},"end":{"line":29,"column":2}}]},"6":{"line":31,"type":"if","locations":[{"start":{"line":31,"column":3},"end":{"line":31,"column":3}},{"start":{"line":31,"column":3},"end":{"line":31,"column":3}}]},"7":{"line":32,"type":"if","locations":[{"start":{"line":32,"column":4},"end":{"line":32,"column":4}},{"start":{"line":32,"column":4},"end":{"line":32,"column":4}}]},"8":{"line":41,"type":"cond-expr","locations":[{"start":{"line":41,"column":24},"end":{"line":41,"column":44}},{"start":{"line":41,"column":47},"end":{"line":41,"column":66}}]},"9":{"line":42,"type":"if","locations":[{"start":{"line":42,"column":3},"end":{"line":42,"column":3}},{"start":{"line":42,"column":3},"end":{"line":42,"column":3}}]},"10":{"line":43,"type":"cond-expr","locations":[{"start":{"line":43,"column":17},"end":{"line":43,"column":33}},{"start":{"line":43,"column":36},"end":{"line":43,"column":51}}]},"11":{"line":61,"type":"if","locations":[{"start":{"line":61,"column":3},"end":{"line":61,"column":3}},{"start":{"line":61,"column":3},"end":{"line":61,"column":3}}]},"12":{"line":62,"type":"if","locations":[{"start":{"line":62,"column":3},"end":{"line":62,"column":3}},{"start":{"line":62,"column":3},"end":{"line":62,"column":3}}]},"13":{"line":62,"type":"binary-expr","locations":[{"start":{"line":62,"column":7},"end":{"line":62,"column":15}},{"start":{"line":62,"column":20},"end":{"line":62,"column":48}},{"start":{"line":62,"column":52},"end":{"line":62,"column":82}}]},"14":{"line":64,"type":"if","locations":[{"start":{"line":64,"column":4},"end":{"line":64,"column":4}},{"start":{"line":64,"column":4},"end":{"line":64,"column":4}}]},"15":{"line":90,"type":"if","locations":[{"start":{"line":90,"column":2},"end":{"line":90,"column":2}},{"start":{"line":90,"column":2},"end":{"line":90,"column":2}}]},"16":{"line":96,"type":"cond-expr","locations":[{"start":{"line":96,"column":57},"end":{"line":96,"column":68}},{"start":{"line":96,"column":71},"end":{"line":96,"column":75}}]},"17":{"line":97,"type":"cond-expr","locations":[{"start":{"line":97,"column":55},"end":{"line":97,"column":65}},{"start":{"line":97,"column":68},"end":{"line":97,"column":72}}]},"18":{"line":98,"type":"cond-expr","locations":[{"start":{"line":98,"column":55},"end":{"line":98,"column":65}},{"start":{"line":98,"column":68},"end":{"line":98,"column":72}}]},"19":{"line":114,"type":"if","locations":[{"start":{"line":114,"column":4},"end":{"line":114,"column":4}},{"start":{"line":114,"column":4},"end":{"line":114,"column":4}}]},"20":{"line":118,"type":"if","locations":[{"start":{"line":118,"column":4},"end":{"line":118,"column":4}},{"start":{"line":118,"column":4},"end":{"line":118,"column":4}}]},"21":{"line":122,"type":"if","locations":[{"start":{"line":122,"column":4},"end":{"line":122,"column":4}},{"start":{"line":122,"column":4},"end":{"line":122,"column":4}}]},"22":{"line":126,"type":"if","locations":[{"start":{"line":126,"column":3},"end":{"line":126,"column":3}},{"start":{"line":126,"column":3},"end":{"line":126,"column":3}}]},"23":{"line":160,"type":"cond-expr","locations":[{"start":{"line":160,"column":90},"end":{"line":160,"column":102}},{"start":{"line":160,"column":105},"end":{"line":160,"column":114}}]},"24":{"line":160,"type":"binary-expr","locations":[{"start":{"line":160,"column":40},"end":{"line":160,"column":62}},{"start":{"line":160,"column":66},"end":{"line":160,"column":87}}]},"25":{"line":163,"type":"if","locations":[{"start":{"line":163,"column":3},"end":{"line":163,"column":3}},{"start":{"line":163,"column":3},"end":{"line":163,"column":3}}]},"26":{"line":167,"type":"if","locations":[{"start":{"line":167,"column":5},"end":{"line":167,"column":5}},{"start":{"line":167,"column":5},"end":{"line":167,"column":5}}]},"27":{"line":167,"type":"binary-expr","locations":[{"start":{"line":167,"column":9},"end":{"line":167,"column":12}},{"start":{"line":167,"column":17},"end":{"line":167,"column":40}},{"start":{"line":167,"column":44},"end":{"line":167,"column":69}}]},"28":{"line":169,"type":"if","locations":[{"start":{"line":169,"column":6},"end":{"line":169,"column":6}},{"start":{"line":169,"column":6},"end":{"line":169,"column":6}}]},"29":{"line":176,"type":"if","locations":[{"start":{"line":176,"column":5},"end":{"line":176,"column":5}},{"start":{"line":176,"column":5},"end":{"line":176,"column":5}}]},"30":{"line":190,"type":"if","locations":[{"start":{"line":190,"column":2},"end":{"line":190,"column":2}},{"start":{"line":190,"column":2},"end":{"line":190,"column":2}}]},"31":{"line":190,"type":"binary-expr","locations":[{"start":{"line":190,"column":6},"end":{"line":190,"column":11}},{"start":{"line":190,"column":15},"end":{"line":190,"column":40}},{"start":{"line":190,"column":44},"end":{"line":190,"column":73}}]},"32":{"line":229,"type":"if","locations":[{"start":{"line":229,"column":1},"end":{"line":229,"column":1}},{"start":{"line":229,"column":1},"end":{"line":229,"column":1}}]},"33":{"line":229,"type":"binary-expr","locations":[{"start":{"line":229,"column":5},"end":{"line":229,"column":34}},{"start":{"line":229,"column":38},"end":{"line":229,"column":52}}]}}}}