TN:
SF:F:\promise-polyfill\Promise.js
FN:1,(anonymous_1)
FN:5,(anonymous_2)
FN:10,bind
FN:11,(anonymous_4)
FN:16,(anonymous_5)
FN:20,Promise
FN:31,handle
FN:37,(anonymous_8)
FN:44,(anonymous_9)
FN:61,resolve
FN:79,reject
FN:85,notify
FN:90,finale
FN:99,Handler
FN:114,doResolve
FN:117,(anonymous_16)
FN:121,(anonymous_17)
FN:125,(anonymous_18)
FN:136,(anonymous_19)
FN:140,(anonymous_20)
FN:141,(anonymous_21)
FN:142,(anonymous_22)
FN:145,(anonymous_23)
FN:146,(anonymous_24)
FN:152,(anonymous_25)
FN:156,(anonymous_26)
FN:158,(anonymous_27)
FN:163,(anonymous_28)
FN:166,(anonymous_29)
FN:170,res
FN:175,(anonymous_31)
FN:195,(anonymous_32)
FN:200,(anonymous_33)
FN:205,(anonymous_34)
FN:206,(anonymous_35)
FN:211,(anonymous_36)
FN:212,(anonymous_37)
FN:217,(anonymous_38)
FN:218,(anonymous_39)
FN:231,_setImmediateFn
FNF:40
FNH:17
FNDA:1,(anonymous_1)
FNDA:0,(anonymous_2)
FNDA:351,bind
FNDA:113,(anonymous_4)
FNDA:0,(anonymous_5)
FNDA:117,Promise
FNDA:94,handle
FNDA:0,(anonymous_8)
FNDA:59,(anonymous_9)
FNDA:85,resolve
FNDA:28,reject
FNDA:0,notify
FNDA:113,finale
FNDA:61,Handler
FNDA:117,doResolve
FNDA:91,(anonymous_16)
FNDA:31,(anonymous_17)
FNDA:0,(anonymous_18)
FNDA:0,(anonymous_19)
FNDA:0,(anonymous_20)
FNDA:0,(anonymous_21)
FNDA:0,(anonymous_22)
FNDA:0,(anonymous_23)
FNDA:0,(anonymous_24)
FNDA:0,(anonymous_25)
FNDA:61,(anonymous_26)
FNDA:61,(anonymous_27)
FNDA:0,(anonymous_28)
FNDA:0,(anonymous_29)
FNDA:0,res
FNDA:0,(anonymous_31)
FNDA:18,(anonymous_32)
FNDA:18,(anonymous_33)
FNDA:0,(anonymous_34)
FNDA:0,(anonymous_35)
FNDA:0,(anonymous_36)
FNDA:0,(anonymous_37)
FNDA:0,(anonymous_38)
FNDA:0,(anonymous_39)
FNDA:0,_setImmediateFn
DA:1,1
DA:4,1
DA:6,0
DA:10,1
DA:11,351
DA:12,113
DA:16,1
DA:17,0
DA:20,1
DA:21,117
DA:22,117
DA:23,117
DA:24,117
DA:25,117
DA:26,117
DA:28,117
DA:31,1
DA:32,94
DA:33,94
DA:34,35
DA:35,35
DA:36,0
DA:37,0
DA:38,0
DA:42,35
DA:44,59
DA:45,59
DA:46,59
DA:47,10
DA:48,10
DA:50,49
DA:51,49
DA:52,49
DA:54,0
DA:55,0
DA:57,49
DA:61,1
DA:62,85
DA:63,85
DA:64,85
DA:65,36
DA:66,36
DA:67,0
DA:68,0
DA:71,85
DA:72,85
DA:73,85
DA:75,0
DA:79,1
DA:80,28
DA:81,28
DA:82,28
DA:85,1
DA:86,0
DA:87,0
DA:90,1
DA:91,113
DA:92,33
DA:94,113
DA:95,113
DA:99,1
DA:100,61
DA:101,61
DA:102,61
DA:103,61
DA:104,61
DA:105,61
DA:114,1
DA:115,117
DA:116,117
DA:117,117
DA:118,91
DA:119,85
DA:120,85
DA:122,31
DA:123,28
DA:124,28
DA:126,0
DA:127,0
DA:130,0
DA:131,0
DA:132,0
DA:136,1
DA:137,0
DA:140,1
DA:141,0
DA:142,0
DA:143,0
DA:146,0
DA:147,0
DA:152,1
DA:153,0
DA:156,1
DA:157,61
DA:158,61
DA:159,61
DA:163,1
DA:164,0
DA:166,0
DA:167,0
DA:168,0
DA:170,1
DA:171,0
DA:172,0
DA:173,0
DA:174,0
DA:175,0
DA:176,0
DA:178,0
DA:181,0
DA:182,0
DA:183,0
DA:186,0
DA:189,0
DA:190,0
DA:195,1
DA:196,18
DA:197,0
DA:200,18
DA:201,18
DA:205,1
DA:206,0
DA:207,0
DA:211,1
DA:212,0
DA:213,0
DA:217,1
DA:218,0
DA:219,0
DA:221,0
DA:231,1
DA:232,0
DA:235,1
DA:236,1
DA:238,0
LF:135
LH:84
BRDA:4,1,0,1
BRDA:4,1,1,1
BRDA:4,1,2,0
BRDA:16,2,0,1
BRDA:16,2,1,0
BRDA:21,3,0,0
BRDA:21,3,1,117
BRDA:22,4,0,0
BRDA:22,4,1,117
BRDA:33,5,0,35
BRDA:33,5,1,59
BRDA:35,6,0,0
BRDA:35,6,1,35
BRDA:36,7,0,0
BRDA:36,7,1,0
BRDA:45,8,0,34
BRDA:45,8,1,25
BRDA:46,9,0,10
BRDA:46,9,1,49
BRDA:47,10,0,5
BRDA:47,10,1,5
BRDA:63,11,0,0
BRDA:63,11,1,85
BRDA:64,12,0,36
BRDA:64,12,1,49
BRDA:64,13,0,85
BRDA:64,13,1,36
BRDA:64,13,2,0
BRDA:66,14,0,0
BRDA:66,14,1,36
BRDA:94,15,0,113
BRDA:94,15,1,0
BRDA:100,16,0,41
BRDA:100,16,1,20
BRDA:101,17,0,32
BRDA:101,17,1,29
BRDA:102,18,0,0
BRDA:102,18,1,61
BRDA:118,19,0,6
BRDA:118,19,1,85
BRDA:122,20,0,3
BRDA:122,20,1,28
BRDA:126,21,0,0
BRDA:126,21,1,0
BRDA:130,22,0,0
BRDA:130,22,1,0
BRDA:164,23,0,0
BRDA:164,23,1,0
BRDA:164,24,0,0
BRDA:164,24,1,0
BRDA:167,25,0,0
BRDA:167,25,1,0
BRDA:172,26,0,0
BRDA:172,26,1,0
BRDA:172,27,0,0
BRDA:172,27,1,0
BRDA:172,27,2,0
BRDA:174,28,0,0
BRDA:174,28,1,0
BRDA:182,29,0,0
BRDA:182,29,1,0
BRDA:196,30,0,0
BRDA:196,30,1,18
BRDA:196,31,0,18
BRDA:196,31,1,18
BRDA:196,31,2,18
BRDA:235,32,0,1
BRDA:235,32,1,0
BRDA:235,33,0,1
BRDA:235,33,1,1
BRF:70
BRH:37
end_of_record
